2018-12-02 03:05:10,559:INFO: Loading the datasets...
2018-12-02 03:05:10,566:INFO: - done.
2018-12-02 03:05:10,587:INFO: Starting training for 10 epoch(s)
2018-12-02 03:05:10,588:INFO: Epoch 1/10
2018-12-02 03:05:22,534:INFO: - Train metrics: accuracy: 0.125 ; loss: 1.925
2018-12-02 03:05:23,854:INFO: - Eval metrics : accuracy: 0.186 ; loss: 2.593
2018-12-02 03:05:23,905:INFO: - Found new best accuracy
2018-12-02 03:05:23,905:INFO: Epoch 2/10
2018-12-02 03:05:37,023:INFO: - Train metrics: accuracy: 0.625 ; loss: 1.042
2018-12-02 03:05:38,279:INFO: - Eval metrics : accuracy: 0.295 ; loss: 1.896
2018-12-02 03:05:38,341:INFO: - Found new best accuracy
2018-12-02 03:05:38,342:INFO: Epoch 3/10
2018-12-02 03:05:50,160:INFO: - Train metrics: accuracy: 0.750 ; loss: 0.660
2018-12-02 03:05:51,408:INFO: - Eval metrics : accuracy: 0.674 ; loss: 0.822
2018-12-02 03:05:51,456:INFO: - Found new best accuracy
2018-12-02 03:05:51,456:INFO: Epoch 4/10
2018-12-02 03:06:02,512:INFO: - Train metrics: accuracy: 0.688 ; loss: 0.807
2018-12-02 03:06:03,828:INFO: - Eval metrics : accuracy: 0.216 ; loss: 11.073
2018-12-02 03:06:03,865:INFO: Epoch 5/10
2018-12-02 03:06:14,984:INFO: - Train metrics: accuracy: 0.625 ; loss: 0.650
2018-12-02 03:06:16,194:INFO: - Eval metrics : accuracy: 0.211 ; loss: 13.997
2018-12-02 03:06:16,218:INFO: Epoch 6/10
2018-12-02 03:06:27,492:INFO: - Train metrics: accuracy: 0.719 ; loss: 0.890
2018-12-02 03:06:28,819:INFO: - Eval metrics : accuracy: 0.621 ; loss: 0.968
2018-12-02 03:06:28,854:INFO: Epoch 7/10
2018-12-02 03:06:41,375:INFO: - Train metrics: accuracy: 0.781 ; loss: 0.511
2018-12-02 03:06:42,694:INFO: - Eval metrics : accuracy: 0.365 ; loss: 1.687
2018-12-02 03:06:42,729:INFO: Epoch 8/10
2018-12-02 03:06:54,716:INFO: - Train metrics: accuracy: 0.812 ; loss: 0.572
2018-12-02 03:06:56,044:INFO: - Eval metrics : accuracy: 0.438 ; loss: 1.739
2018-12-02 03:06:56,083:INFO: Epoch 9/10
2018-12-02 03:07:07,763:INFO: - Train metrics: accuracy: 0.812 ; loss: 0.541
2018-12-02 03:07:09,006:INFO: - Eval metrics : accuracy: 0.475 ; loss: 1.874
2018-12-02 03:07:09,032:INFO: Epoch 10/10
2018-12-02 03:07:21,432:INFO: - Train metrics: accuracy: 0.875 ; loss: 0.359
2018-12-02 03:07:22,849:INFO: - Eval metrics : accuracy: 0.348 ; loss: 3.225
